
ROM used: 1635 (43%)
          1635 (43%) including unused fragments

          2 Average locations per line
          11 Average locations per statement

RAM used: 49 (29%) at main() level
          158 (94%) worst case

Lines Stmts  %   Files
----- ----- ---  -----
  335   151 100  C:\Documents and Settings\sam\Desktop\Uni\SVN\ee2a\lab5\rs232.c
  203     0   0  C:\Program Files\PICC\devices\16F648A.H
   37     0   0  C:\Program Files\PICC\drivers\stdio.h
  417     0   0  C:\Program Files\PICC\drivers\string.h
   28     0   0  C:\Program Files\PICC\drivers\stddef.h
   28     0   0  C:\Program Files\PICC\drivers\ctype.h
----- -----
 2096   302 Total

Page ROM  %  RAM  Functions:
---- --- --- ---  ----------
0     19   1   3  strchr
0     21   1   1  @delay_ms1
0     13   1   0  @GETCH_BIU_1
0     45   3   2  add_to_buffer
0    263  16  71  cmd_compare
0     39   2   2  @MUL88
0    562  34  38  command_pi
0     24   1   0  @const10505
0     25   2   0  @const10522
0     20   1   0  @const10533
0     24   1   0  @const10550
0     25   2   0  @const10567
0     20   1   0  @const10578
0     24   1   0  @const10595
0     25   2   0  @const10612
0     23   1   0  @const10623
0     24   1   0  @const10640
0     25   2   0  @const10657
0     20   1   0  @const10668
0     14   1   0  @const10678
0     10   1   0  @const10686
0     19   1   0  @const10694
0     42   3   0  @const10702
0     30   2   0  @const10710
0    105   6   1  init
0     21   1   0  @const10726
0     38   2   0  @const10734
0     29   2   0  @const10742
0     31   2   1  main

 Segment   Used  Free
---------  ----  ----
00000-00003     4  0  
00004-00036    51  0  
00037-007FF  1580  413  
00800-00EFF     0  1792  

